C:\Users\USUARIO\Desktop\BELATRIX\JobLogger\src\JobLogger.Web\ClientApp\dist\out-tsc\src\app\app-routing.module.js
C:\Users\USUARIO\Desktop\BELATRIX\JobLogger\src\JobLogger.Web\ClientApp\dist\out-tsc\src\app\app-routing.module.js.map
C:\Users\USUARIO\Desktop\BELATRIX\JobLogger\src\JobLogger.Web\ClientApp\dist\out-tsc\src\app\models\logger.model.js
C:\Users\USUARIO\Desktop\BELATRIX\JobLogger\src\JobLogger.Web\ClientApp\dist\out-tsc\src\app\models\logger.model.js.map
C:\Users\USUARIO\Desktop\BELATRIX\JobLogger\src\JobLogger.Web\ClientApp\dist\out-tsc\src\environments\environment.js
C:\Users\USUARIO\Desktop\BELATRIX\JobLogger\src\JobLogger.Web\ClientApp\dist\out-tsc\src\environments\environment.js.map
C:\Users\USUARIO\Desktop\BELATRIX\JobLogger\src\JobLogger.Web\ClientApp\dist\out-tsc\src\app\services\base.service.js
C:\Users\USUARIO\Desktop\BELATRIX\JobLogger\src\JobLogger.Web\ClientApp\dist\out-tsc\src\app\services\base.service.js.map
C:\Users\USUARIO\Desktop\BELATRIX\JobLogger\src\JobLogger.Web\ClientApp\dist\out-tsc\src\app\models\error.model.js
C:\Users\USUARIO\Desktop\BELATRIX\JobLogger\src\JobLogger.Web\ClientApp\dist\out-tsc\src\app\models\error.model.js.map
C:\Users\USUARIO\Desktop\BELATRIX\JobLogger\src\JobLogger.Web\ClientApp\dist\out-tsc\src\app\models\logDatabaseResponse.model.js
C:\Users\USUARIO\Desktop\BELATRIX\JobLogger\src\JobLogger.Web\ClientApp\dist\out-tsc\src\app\models\logDatabaseResponse.model.js.map
C:\Users\USUARIO\Desktop\BELATRIX\JobLogger\src\JobLogger.Web\ClientApp\dist\out-tsc\src\app\services\logger.service.js
C:\Users\USUARIO\Desktop\BELATRIX\JobLogger\src\JobLogger.Web\ClientApp\dist\out-tsc\src\app\services\logger.service.js.map
C:\Users\USUARIO\Desktop\BELATRIX\JobLogger\src\JobLogger.Web\ClientApp\dist\out-tsc\src\app\app.component.js
C:\Users\USUARIO\Desktop\BELATRIX\JobLogger\src\JobLogger.Web\ClientApp\dist\out-tsc\src\app\app.component.js.map
C:\Users\USUARIO\Desktop\BELATRIX\JobLogger\src\JobLogger.Web\ClientApp\dist\out-tsc\src\app\app.module.js
C:\Users\USUARIO\Desktop\BELATRIX\JobLogger\src\JobLogger.Web\ClientApp\dist\out-tsc\src\app\app.module.js.map
C:\Users\USUARIO\Desktop\BELATRIX\JobLogger\src\JobLogger.Web\ClientApp\dist\out-tsc\src\main.js
C:\Users\USUARIO\Desktop\BELATRIX\JobLogger\src\JobLogger.Web\ClientApp\dist\out-tsc\src\main.js.map
C:\Users\USUARIO\Desktop\BELATRIX\JobLogger\src\JobLogger.Web\ClientApp\dist\out-tsc\src\polyfills.js
C:\Users\USUARIO\Desktop\BELATRIX\JobLogger\src\JobLogger.Web\ClientApp\dist\out-tsc\src\polyfills.js.map
C:\Users\USUARIO\Desktop\BELATRIX\JobLogger\src\JobLogger.Web\ClientApp\dist\out-tsc\src\test.js
C:\Users\USUARIO\Desktop\BELATRIX\JobLogger\src\JobLogger.Web\ClientApp\dist\out-tsc\src\test.js.map
C:\Users\USUARIO\Desktop\BELATRIX\JobLogger\src\JobLogger.Web\ClientApp\dist\out-tsc\e2e\src\app.po.js
C:\Users\USUARIO\Desktop\BELATRIX\JobLogger\src\JobLogger.Web\ClientApp\dist\out-tsc\e2e\src\app.po.js.map
C:\Users\USUARIO\Desktop\BELATRIX\JobLogger\src\JobLogger.Web\ClientApp\dist\out-tsc\e2e\src\app.e2e-spec.js
C:\Users\USUARIO\Desktop\BELATRIX\JobLogger\src\JobLogger.Web\ClientApp\dist\out-tsc\e2e\src\app.e2e-spec.js.map
C:\Users\USUARIO\Desktop\BELATRIX\JobLogger\src\JobLogger.Web\ClientApp\dist\out-tsc\src\app\app.component.spec.js
C:\Users\USUARIO\Desktop\BELATRIX\JobLogger\src\JobLogger.Web\ClientApp\dist\out-tsc\src\app\app.component.spec.js.map
C:\Users\USUARIO\Desktop\BELATRIX\JobLogger\src\JobLogger.Web\ClientApp\dist\out-tsc\src\environments\environment.prod.js
C:\Users\USUARIO\Desktop\BELATRIX\JobLogger\src\JobLogger.Web\ClientApp\dist\out-tsc\src\environments\environment.prod.js.map
